
[0m[2m[35m$[0m [2m[1mnode tools/cdata.js[0m

	[34m  ##  ##      ##        ######    ######
	[34m##      ##    ##      ##        ##  ##  ##
	[34m##  ##  ##  ##        ######        ##  ##
	[34m##  ##  ##  ##        ##            ##  ##
	[34m  ##  ##      ######    ######    ######
		[36m build script for web UI
[0m
File wled00/html_ui.h does not exist. Rebuilding...
Reading wled00/data/index.htm
Reading wled00/data/pixart/pixart.htm
Reading wled00/data/cpal/cpal.htm
Reading wled00/data/pxmagic/pxmagic.htm
Reading wled00/data/style.css as PAGE_settingsCss
Reading wled00/data/usermod.htm as PAGE_usermod
Minified and compressed style.css from 2989 to 887 bytes
Reading wled00/data/common.js as JS_common
Minified and compressed common.js from 4454 to 1328 bytes
Reading wled00/data/settings.htm as PAGE_settings
Minified and compressed usermod.htm from 77 to 83 bytes
Reading wled00/data/msg.htm as PAGE_msg
Minified msg.htm from 397 to 356 bytes
Reading wled00/data/dmxmap.htm as PAGE_dmxmap
Minified dmxmap.htm from 1485 to 1219 bytes
Reading wled00/data/update.htm as PAGE_update
Minified and compressed settings.htm from 1905 to 676 bytes
Reading wled00/data/settings_wifi.htm as PAGE_settings_wifi
Minified and compressed settings_wifi.htm from 11316 to 3040 bytes
Reading wled00/data/settings_leds.htm as PAGE_settings_leds
Minified and compressed update.htm from 1486 to 747 bytes
Reading wled00/data/welcome.htm as PAGE_welcome
Minified and compressed welcome.htm from 2490 to 1522 bytes
Reading wled00/data/liveview.htm as PAGE_liveview
Minified and compressed liveview.htm from 3099 to 999 bytes
Reading wled00/data/liveviewws2D.htm as PAGE_liveviewws2D
Minified and compressed liveviewws2D.htm from 2422 to 866 bytes
Reading wled00/data/404.htm as PAGE_404
Minified and compressed 404.htm from 1469 to 865 bytes
Reading wled00/data/favicon.ico as favicon
Writing 35238 characters into wled00/html_other.h
Minified and compressed wled00/data/pxmagic/pxmagic.htm from 52403 to 8681 bytes
Writing wled00/html_pxmagic.h
Minified and compressed wled00/data/cpal/cpal.htm from 26167 to 5169 bytes
Writing wled00/html_cpal.h
Minified and compressed settings_leds.htm from 40829 to 8890 bytes
Reading wled00/data/settings_dmx.htm as PAGE_settings_dmx
Minified and compressed settings_dmx.htm from 3205 to 1291 bytes
Reading wled00/data/settings_ui.htm as PAGE_settings_ui
Minified and compressed wled00/data/index.htm from 187777 to 46190 bytes
Writing wled00/html_ui.h
Minified and compressed settings_ui.htm from 9931 to 2860 bytes
Reading wled00/data/settings_sync.htm as PAGE_settings_sync
Minified and compressed settings_sync.htm from 10689 to 3102 bytes
Reading wled00/data/settings_time.htm as PAGE_settings_time
Minified and compressed settings_time.htm from 10316 to 3002 bytes
Reading wled00/data/settings_sec.htm as PAGE_settings_sec
Minified and compressed settings_sec.htm from 4944 to 1954 bytes
Reading wled00/data/settings_um.htm as PAGE_settings_um
Minified and compressed wled00/data/pixart/pixart.htm from 41577 to 7450 bytes
Writing wled00/html_pixart.h
Minified and compressed settings_um.htm from 11434 to 2847 bytes
Reading wled00/data/settings_2D.htm as PAGE_settings_2D
Minified and compressed settings_2D.htm from 10269 to 2611 bytes
Reading wled00/data/settings_pin.htm as PAGE_settings_pin
Minified and compressed settings_pin.htm from 734 to 444 bytes
Writing 204056 characters into wled00/html_settings.h
